2019-09-12 12:05:01,393 INFO o.a.j.u.JMeterUtils: Setting Locale to en_EN
2019-09-12 12:05:01,409 INFO o.a.j.JMeter: Loading user properties from: C:\Jmeter\bin\user.properties
2019-09-12 12:05:01,409 INFO o.a.j.JMeter: Loading system properties from: C:\Jmeter\bin\system.properties
2019-09-12 12:05:01,409 INFO o.a.j.JMeter: Copyright (c) 1998-2018 The Apache Software Foundation
2019-09-12 12:05:01,409 INFO o.a.j.JMeter: Version 5.0 r1840935
2019-09-12 12:05:01,409 INFO o.a.j.JMeter: java.version=1.8.0_211
2019-09-12 12:05:01,409 INFO o.a.j.JMeter: java.vm.name=Java HotSpot(TM) 64-Bit Server VM
2019-09-12 12:05:01,409 INFO o.a.j.JMeter: os.name=Windows 10
2019-09-12 12:05:01,409 INFO o.a.j.JMeter: os.arch=amd64
2019-09-12 12:05:01,425 INFO o.a.j.JMeter: os.version=10.0
2019-09-12 12:05:01,425 INFO o.a.j.JMeter: file.encoding=Cp1252
2019-09-12 12:05:01,425 INFO o.a.j.JMeter: Max memory     =1073741824
2019-09-12 12:05:01,425 INFO o.a.j.JMeter: Available Processors =8
2019-09-12 12:05:01,425 INFO o.a.j.JMeter: Default Locale=English (EN)
2019-09-12 12:05:01,425 INFO o.a.j.JMeter: JMeter  Locale=English (EN)
2019-09-12 12:05:01,425 INFO o.a.j.JMeter: JMeterHome=C:\Jmeter
2019-09-12 12:05:01,425 INFO o.a.j.JMeter: user.dir  =C:\Jmeter\projects\wrethink
2019-09-12 12:05:01,425 INFO o.a.j.JMeter: PWD       =C:\Jmeter\projects\wrethink
2019-09-12 12:05:01,425 INFO o.a.j.JMeter: IP: 192.168.56.1 Name: DESKTOP-59T9VBL FullName: DESKTOP-59T9VBL
2019-09-12 12:05:01,425 INFO o.a.j.JMeter: Setting property 'jmeter.reportgenerator.outputdir' to:'C:\Jmeter\projects\wrethink\reports\2019-09-12_12.05.00\HTMLReports'
2019-09-12 12:05:01,425 INFO o.a.j.s.FileServer: Default base='C:\Jmeter\projects\wrethink'
2019-09-12 12:05:01,440 INFO o.a.j.s.FileServer: Set new base='C:\Jmeter\projects\wrethink\workbench'
2019-09-12 12:05:01,534 INFO o.a.j.s.SaveService: Testplan (JMX) version: 2.2. Testlog (JTL) version: 2.2
2019-09-12 12:05:01,550 INFO o.a.j.s.SaveService: Using SaveService properties file encoding UTF-8
2019-09-12 12:05:01,550 INFO o.a.j.s.SaveService: Using SaveService properties version 5.0
2019-09-12 12:05:01,550 INFO o.a.j.s.SaveService: Loading file: C:\Jmeter\projects\wrethink\workbench\main.jmx
2019-09-12 12:05:01,612 INFO o.a.j.c.IncludeController: loadIncludedElements -- try to load included module: C:\Jmeter\projects\wrethink\..\fragments\Authenticate.jmx
2019-09-12 12:05:01,612 INFO o.a.j.c.IncludeController: loadIncludedElements -failed for: C:\Jmeter\projects\wrethink\..\fragments\Authenticate.jmx
2019-09-12 12:05:01,612 INFO o.a.j.c.IncludeController: loadIncludedElements -Attempting to read it from: C:\Jmeter\projects\wrethink\workbench\..\fragments\Authenticate.jmx
2019-09-12 12:05:01,612 INFO o.a.j.s.SaveService: Loading file: C:\Jmeter\projects\wrethink\workbench\..\fragments\Authenticate.jmx
2019-09-12 12:05:01,628 INFO o.a.j.p.h.s.HTTPSamplerBase: Parser for text/html is org.apache.jmeter.protocol.http.parser.LagartoBasedHtmlParser
2019-09-12 12:05:01,628 INFO o.a.j.p.h.s.HTTPSamplerBase: Parser for application/xhtml+xml is org.apache.jmeter.protocol.http.parser.LagartoBasedHtmlParser
2019-09-12 12:05:01,628 INFO o.a.j.p.h.s.HTTPSamplerBase: Parser for application/xml is org.apache.jmeter.protocol.http.parser.LagartoBasedHtmlParser
2019-09-12 12:05:01,628 INFO o.a.j.p.h.s.HTTPSamplerBase: Parser for text/xml is org.apache.jmeter.protocol.http.parser.LagartoBasedHtmlParser
2019-09-12 12:05:01,628 INFO o.a.j.p.h.s.HTTPSamplerBase: Parser for text/vnd.wap.wml is org.apache.jmeter.protocol.http.parser.RegexpHTMLParser
2019-09-12 12:05:01,628 INFO o.a.j.p.h.s.HTTPSamplerBase: Parser for text/css is org.apache.jmeter.protocol.http.parser.CssParser
2019-09-12 12:05:01,643 INFO o.a.j.c.IncludeController: loadIncludedElements -- try to load included module: C:\Jmeter\projects\wrethink\..\fragments\Authenticate.jmx
2019-09-12 12:05:01,643 INFO o.a.j.c.IncludeController: loadIncludedElements -failed for: C:\Jmeter\projects\wrethink\..\fragments\Authenticate.jmx
2019-09-12 12:05:01,643 INFO o.a.j.c.IncludeController: loadIncludedElements -Attempting to read it from: C:\Jmeter\projects\wrethink\workbench\..\fragments\Authenticate.jmx
2019-09-12 12:05:01,643 INFO o.a.j.s.SaveService: Loading file: C:\Jmeter\projects\wrethink\workbench\..\fragments\Authenticate.jmx
2019-09-12 12:05:01,643 INFO o.a.j.JMeter: Creating summariser <summary>
2019-09-12 12:05:01,643 INFO o.a.j.r.d.ReportGenerator: ReportGenerator will use for Parsing the separator: ','
2019-09-12 12:05:01,643 INFO o.a.j.r.d.ReportGenerator: Will generate report at end of test from  results file: C:\Jmeter\projects\wrethink\reports\2019-09-12_12.05.00\report.csv
2019-09-12 12:05:01,643 INFO o.a.j.r.d.ReportGenerator: Reading report generator properties from: C:\Jmeter\bin\reportgenerator.properties
2019-09-12 12:05:01,643 INFO o.a.j.r.d.ReportGenerator: Merging with JMeter properties
2019-09-12 12:05:01,659 INFO o.a.j.r.c.ReportGeneratorConfiguration: Property 'jmeter.reportgenerator.temp_dir' not found, using default value 'temp' instead.
2019-09-12 12:05:01,659 INFO o.a.j.r.c.ReportGeneratorConfiguration: Property 'jmeter.reportgenerator.apdex_per_transaction' not found, using default value 'null' instead.
2019-09-12 12:05:01,659 INFO o.a.j.r.c.ReportGeneratorConfiguration: apdex_per_transaction : {} is empty, not APDEX per transaction customization
2019-09-12 12:05:01,659 INFO o.a.j.r.c.ReportGeneratorConfiguration: Property 'jmeter.reportgenerator.sample_filter' not found, using default value 'null' instead.
2019-09-12 12:05:01,659 INFO o.a.j.r.c.ReportGeneratorConfiguration: Property 'jmeter.reportgenerator.start_date' not found, using default value 'null' instead.
2019-09-12 12:05:01,659 INFO o.a.j.r.c.ReportGeneratorConfiguration: Property 'jmeter.reportgenerator.end_date' not found, using default value 'null' instead.
2019-09-12 12:05:01,659 INFO o.a.j.r.c.ReportGeneratorConfiguration: Property 'jmeter.reportgenerator.date_format' not found, using default value 'null' instead.
2019-09-12 12:05:01,659 INFO o.a.j.r.c.ReportGeneratorConfiguration: Will use date range start date: null, end date: null
2019-09-12 12:05:01,659 INFO o.a.j.r.c.ReportGeneratorConfiguration: Property 'jmeter.reportgenerator.graph.totalTPS.exclude_controllers' not found, using default value 'false' instead.
2019-09-12 12:05:01,659 INFO o.a.j.r.c.ReportGeneratorConfiguration: Property 'jmeter.reportgenerator.graph.activeThreadsOverTime.exclude_controllers' not found, using default value 'false' instead.
2019-09-12 12:05:01,659 INFO o.a.j.r.c.ReportGeneratorConfiguration: Property 'jmeter.reportgenerator.graph.timeVsThreads.exclude_controllers' not found, using default value 'false' instead.
2019-09-12 12:05:01,659 INFO o.a.j.r.c.ReportGeneratorConfiguration: Property 'jmeter.reportgenerator.graph.responseTimeDistribution.exclude_controllers' not found, using default value 'false' instead.
2019-09-12 12:05:01,659 INFO o.a.j.r.c.ReportGeneratorConfiguration: Property 'jmeter.reportgenerator.graph.transactionsPerSecond.exclude_controllers' not found, using default value 'false' instead.
2019-09-12 12:05:01,659 INFO o.a.j.r.c.ReportGeneratorConfiguration: Property 'jmeter.reportgenerator.graph.responseTimePercentiles.exclude_controllers' not found, using default value 'false' instead.
2019-09-12 12:05:01,659 INFO o.a.j.r.c.ReportGeneratorConfiguration: Property 'jmeter.reportgenerator.graph.responseTimePercentilesOverTime.exclude_controllers' not found, using default value 'false' instead.
2019-09-12 12:05:01,659 INFO o.a.j.r.c.ReportGeneratorConfiguration: Property 'jmeter.reportgenerator.graph.responseTimesOverTime.exclude_controllers' not found, using default value 'false' instead.
2019-09-12 12:05:01,659 INFO o.a.j.r.c.ReportGeneratorConfiguration: Property 'jmeter.reportgenerator.graph.connectTimeOverTime.exclude_controllers' not found, using default value 'false' instead.
2019-09-12 12:05:01,659 INFO o.a.j.r.c.ReportGeneratorConfiguration: Property 'jmeter.reportgenerator.graph.latenciesOverTime.exclude_controllers' not found, using default value 'false' instead.
2019-09-12 12:05:01,659 INFO o.a.j.r.c.ReportGeneratorConfiguration: Property 'jmeter.reportgenerator.exporter.html.filters_only_sample_series' not found, using default value 'true' instead.
2019-09-12 12:05:01,659 INFO o.a.j.r.c.ReportGeneratorConfiguration: Property 'jmeter.reportgenerator.exporter.html.series_filter' not found, using default value '' instead.
2019-09-12 12:05:01,659 INFO o.a.j.r.c.ReportGeneratorConfiguration: Property 'jmeter.reportgenerator.exporter.html.show_controllers_only' not found, using default value 'false' instead.
2019-09-12 12:05:01,675 INFO o.a.j.e.StandardJMeterEngine: Running the test!
2019-09-12 12:05:01,675 INFO o.a.j.s.SampleEvent: List of sample_variables: []
2019-09-12 12:05:01,675 INFO o.a.j.s.SampleEvent: List of sample_variables: []
2019-09-12 12:05:01,675 INFO o.a.j.e.u.CompoundVariable: Note: Function class names must contain the string: '.functions.'
2019-09-12 12:05:01,675 INFO o.a.j.e.u.CompoundVariable: Note: Function class names must not contain the string: '.gui.'
2019-09-12 12:05:01,925 INFO c.t.j.e.c.PropertyReader: Property file reader - loading the properties from C:\Jmeter\projects\wrethink\workbench\..\properties\wrethink.properties
2019-09-12 12:05:02,081 INFO o.a.j.JMeter: Running test (1568315102081)
2019-09-12 12:05:02,112 INFO o.a.j.e.StandardJMeterEngine: Starting ThreadGroup: 1 : Thread Group
2019-09-12 12:05:02,112 INFO o.a.j.e.StandardJMeterEngine: Starting 1 threads for group Thread Group.
2019-09-12 12:05:02,112 INFO o.a.j.e.StandardJMeterEngine: Thread will continue on error
2019-09-12 12:05:02,112 INFO o.a.j.t.ThreadGroup: Starting thread group... number=1 threads=1 ramp-up=1 perThread=1000.0 delayedStart=false
2019-09-12 12:05:02,112 INFO o.a.j.c.IncludeController: loadIncludedElements -- try to load included module: C:\Jmeter\projects\wrethink\..\fragments\Authenticate.jmx
2019-09-12 12:05:02,112 INFO o.a.j.c.IncludeController: loadIncludedElements -failed for: C:\Jmeter\projects\wrethink\..\fragments\Authenticate.jmx
2019-09-12 12:05:02,112 INFO o.a.j.c.IncludeController: loadIncludedElements -Attempting to read it from: C:\Jmeter\projects\wrethink\workbench\..\fragments\Authenticate.jmx
2019-09-12 12:05:02,112 INFO o.a.j.s.SaveService: Loading file: C:\Jmeter\projects\wrethink\workbench\..\fragments\Authenticate.jmx
2019-09-12 12:05:02,128 INFO o.a.j.t.ThreadGroup: Started thread group number 1
2019-09-12 12:05:02,128 INFO o.a.j.e.StandardJMeterEngine: All thread groups have been started
2019-09-12 12:05:02,128 INFO o.a.j.t.JMeterThread: Thread started: Thread Group 1-1
2019-09-12 12:05:02,143 INFO o.a.j.p.h.s.HTTPHCAbstractImpl: Local host = DESKTOP-59T9VBL
2019-09-12 12:05:02,143 INFO o.a.j.p.h.s.HTTPHC4Impl: HTTP request retry count = 0
2019-09-12 12:05:02,143 INFO o.a.j.s.SampleResult: Note: Sample TimeStamps are START times
2019-09-12 12:05:02,143 INFO o.a.j.s.SampleResult: sampleresult.default.encoding is set to ISO-8859-1
2019-09-12 12:05:02,143 INFO o.a.j.s.SampleResult: sampleresult.useNanoTime=true
2019-09-12 12:05:02,143 INFO o.a.j.s.SampleResult: sampleresult.nanoThreadSleep=5000
2019-09-12 12:05:02,754 ERROR o.a.j.a.JSR223Assertion: 
Thread Number:0 Request: Authenticate1 / Get Token : The userId is wrong.
2019-09-12 12:05:02,754 INFO o.a.j.r.Summariser: summary +      1 in 00:00:01 =    1.5/s Avg:   283 Min:   283 Max:   283 Err:     1 (100.00%) Active: 1 Started: 1 Finished: 0
2019-09-12 12:05:02,863 ERROR o.a.j.a.JSR223Assertion: 
Thread Number:0 Request: Authenticate2 / GetToken : The userId is wrong.
2019-09-12 12:05:02,879 INFO o.a.j.p.h.s.h.LazyLayeredConnectionSocketFactory: Setting up HTTPS TrustAll Socket Factory
2019-09-12 12:05:02,879 INFO o.a.j.u.JsseSSLManager: Using default SSL protocol: TLS
2019-09-12 12:05:02,879 INFO o.a.j.u.JsseSSLManager: SSL session context: per-thread
2019-09-12 12:05:03,204 INFO o.a.j.u.SSLManager: JmeterKeyStore Location:  type JKS
2019-09-12 12:05:03,205 INFO o.a.j.u.SSLManager: KeyStore created OK
2019-09-12 12:05:03,205 WARN o.a.j.u.SSLManager: Keystore file not found, loading empty keystore
2019-09-12 12:05:03,976 INFO o.a.j.t.JMeterThread: Thread is done: Thread Group 1-1
2019-09-12 12:05:03,976 INFO o.a.j.t.JMeterThread: Thread finished: Thread Group 1-1
2019-09-12 12:05:03,976 INFO o.a.j.e.StandardJMeterEngine: Starting tearDown thread groups
2019-09-12 12:05:03,976 INFO o.a.j.e.StandardJMeterEngine: Starting tearDown ThreadGroup: 1 : tearDown Thread Group
2019-09-12 12:05:03,976 INFO o.a.j.e.StandardJMeterEngine: Starting 1 threads for group tearDown Thread Group.
2019-09-12 12:05:03,976 INFO o.a.j.e.StandardJMeterEngine: Thread will continue on error
2019-09-12 12:05:03,976 INFO o.a.j.t.ThreadGroup: Starting thread group... number=1 threads=1 ramp-up=1 perThread=1000.0 delayedStart=false
2019-09-12 12:05:03,976 INFO o.a.j.t.ThreadGroup: Started thread group number 1
2019-09-12 12:05:03,976 INFO o.a.j.t.JMeterThread: Thread started: tearDown Thread Group 1-1
2019-09-12 12:05:03,992 INFO o.a.j.p.s.s.p.SendMailCommand: Using ssl/tls protocols for mail: SSLv2Hello SSLv3 TLSv1 TLSv1.1 TLSv1.2
2019-09-12 12:05:06,398 INFO o.a.j.t.JMeterThread: Thread is done: tearDown Thread Group 1-1
2019-09-12 12:05:06,398 INFO o.a.j.t.JMeterThread: Thread finished: tearDown Thread Group 1-1
2019-09-12 12:05:06,398 INFO o.a.j.e.StandardJMeterEngine: Notifying test listeners of end of test
2019-09-12 12:05:06,476 INFO o.a.j.r.Summariser: summary +      3 in 00:00:04 =    0.8/s Avg:  1186 Min:    93 Max:  2353 Err:     1 (33.33%) Active: 0 Started: 1 Finished: 1
2019-09-12 12:05:06,476 INFO o.a.j.r.Summariser: summary =      4 in 00:00:04 =    0.9/s Avg:   960 Min:    93 Max:  2353 Err:     2 (50.00%)
2019-09-12 12:05:06,476 INFO o.a.j.JMeter: Generating Dashboard
2019-09-12 12:05:06,476 INFO o.a.j.r.d.ReportGenerator: Flushing result collector before report Generation
2019-09-12 12:05:06,476 INFO o.a.j.r.p.NormalizerSampleConsumer: Using format, 'dd/MM/yyyy HH:mm', to parse timeStamp field
2019-09-12 12:05:06,523 INFO o.a.j.r.p.AbstractSampleConsumer: class org.apache.jmeter.report.processor.AggregateConsumer#stopProducing(): beginDate produced 0 samples
2019-09-12 12:05:06,523 INFO o.a.j.r.p.AbstractSampleConsumer: class org.apache.jmeter.report.processor.AggregateConsumer#stopProducing(): endDate produced 0 samples
2019-09-12 12:05:06,523 INFO o.a.j.r.p.AbstractSampleConsumer: class org.apache.jmeter.report.processor.ApdexSummaryConsumer#stopProducing(): apdexSummary produced 0 samples
2019-09-12 12:05:06,523 INFO o.a.j.r.p.AbstractSampleConsumer: class org.apache.jmeter.report.processor.RequestsSummaryConsumer#stopProducing(): requestsSummary produced 0 samples
2019-09-12 12:05:06,538 INFO o.a.j.r.p.AbstractSampleConsumer: class org.apache.jmeter.report.processor.StatisticsSummaryConsumer#stopProducing(): statisticsSummary produced 0 samples
2019-09-12 12:05:06,538 INFO o.a.j.r.p.AbstractSampleConsumer: class org.apache.jmeter.report.processor.Top5ErrorsBySamplerConsumer#stopProducing(): top5ErrorsBySampler produced 0 samples
2019-09-12 12:05:06,538 INFO o.a.j.r.p.AbstractSampleConsumer: class org.apache.jmeter.report.processor.ErrorsSummaryConsumer#stopProducing(): errorsSummary produced 0 samples
2019-09-12 12:05:06,538 INFO o.a.j.r.p.AbstractSampleConsumer: class org.apache.jmeter.report.processor.graph.impl.HitsPerSecondGraphConsumer#stopProducing(): hitsPerSecond produced 0 samples
2019-09-12 12:05:06,554 INFO o.a.j.r.p.AbstractSampleConsumer: class org.apache.jmeter.report.processor.graph.impl.LatencyVSRequestGraphConsumer#stopProducing(): latencyVsRequest produced 0 samples
2019-09-12 12:05:06,554 INFO o.a.j.r.p.AbstractSampleConsumer: class org.apache.jmeter.report.processor.graph.impl.SyntheticResponseTimeDistributionGraphConsumer#stopProducing(): syntheticResponseTimeDistribution produced 0 samples
2019-09-12 12:05:06,554 INFO o.a.j.r.p.AbstractSampleConsumer: class org.apache.jmeter.report.processor.graph.impl.BytesThroughputGraphConsumer#stopProducing(): bytesThroughputOverTime produced 0 samples
2019-09-12 12:05:06,554 INFO o.a.j.r.p.AbstractSampleConsumer: class org.apache.jmeter.report.processor.graph.impl.CodesPerSecondGraphConsumer#stopProducing(): codesPerSecond produced 0 samples
2019-09-12 12:05:06,554 INFO o.a.j.r.p.AbstractSampleConsumer: class org.apache.jmeter.report.processor.graph.impl.ResponseTimeVSRequestGraphConsumer#stopProducing(): responseTimeVsRequest produced 0 samples
2019-09-12 12:05:06,554 INFO o.a.j.r.p.AbstractSampleConsumer: class org.apache.jmeter.report.processor.FilterConsumer#stopProducing(): startIntervalControlerFilter produced 28 samples
2019-09-12 12:05:06,554 INFO o.a.j.r.p.AbstractSampleConsumer: class org.apache.jmeter.report.processor.graph.impl.TotalTPSGraphConsumer#stopProducing(): totalTPS produced 0 samples
2019-09-12 12:05:06,554 INFO o.a.j.r.p.AbstractSampleConsumer: class org.apache.jmeter.report.processor.graph.impl.ActiveThreadsGraphConsumer#stopProducing(): activeThreadsOverTime produced 0 samples
2019-09-12 12:05:06,554 INFO o.a.j.r.p.AbstractSampleConsumer: class org.apache.jmeter.report.processor.graph.impl.TimeVSThreadGraphConsumer#stopProducing(): timeVsThreads produced 0 samples
2019-09-12 12:05:06,554 INFO o.a.j.r.p.AbstractSampleConsumer: class org.apache.jmeter.report.processor.graph.impl.ResponseTimeDistributionGraphConsumer#stopProducing(): responseTimeDistribution produced 0 samples
2019-09-12 12:05:06,554 INFO o.a.j.r.p.AbstractSampleConsumer: class org.apache.jmeter.report.processor.graph.impl.TransactionsPerSecondGraphConsumer#stopProducing(): transactionsPerSecond produced 0 samples
2019-09-12 12:05:06,554 INFO o.a.j.r.p.AbstractSampleConsumer: class org.apache.jmeter.report.processor.graph.impl.ResponseTimePercentilesGraphConsumer#stopProducing(): responseTimePercentiles produced 0 samples
2019-09-12 12:05:06,554 INFO o.a.j.r.p.AbstractSampleConsumer: class org.apache.jmeter.report.processor.graph.impl.ResponseTimePercentilesOverTimeGraphConsumer#stopProducing(): responseTimePercentilesOverTime produced 0 samples
2019-09-12 12:05:06,554 INFO o.a.j.r.p.AbstractSampleConsumer: class org.apache.jmeter.report.processor.graph.impl.ResponseTimeOverTimeGraphConsumer#stopProducing(): responseTimesOverTime produced 0 samples
2019-09-12 12:05:06,554 INFO o.a.j.r.p.AbstractSampleConsumer: class org.apache.jmeter.report.processor.graph.impl.ConnectTimeOverTimeGraphConsumer#stopProducing(): connectTimeOverTime produced 0 samples
2019-09-12 12:05:06,554 INFO o.a.j.r.p.AbstractSampleConsumer: class org.apache.jmeter.report.processor.graph.impl.LatencyOverTimeGraphConsumer#stopProducing(): latenciesOverTime produced 0 samples
2019-09-12 12:05:06,554 INFO o.a.j.r.p.AbstractSampleConsumer: class org.apache.jmeter.report.processor.FilterConsumer#stopProducing(): nameFilter produced 60 samples
2019-09-12 12:05:06,554 INFO o.a.j.r.p.AbstractSampleConsumer: class org.apache.jmeter.report.processor.FilterConsumer#stopProducing(): dateRangeFilter produced 12 samples
2019-09-12 12:05:06,554 INFO o.a.j.r.p.AbstractSampleConsumer: class org.apache.jmeter.report.processor.NormalizerSampleConsumer#stopProducing(): normalizer produced 4 samples
2019-09-12 12:05:06,554 INFO o.a.j.r.p.CsvFileSampleSource: produce(): 4 samples produced in 63ms on channel 0
2019-09-12 12:05:06,554 INFO o.a.j.r.d.ReportGenerator: Exporting data using exporter:'html' of className:'org.apache.jmeter.report.dashboard.HtmlTemplateExporter'
2019-09-12 12:05:06,554 INFO o.a.j.r.d.HtmlTemplateExporter: Will generate dashboard in folder: C:\Jmeter\projects\wrethink\reports\2019-09-12_12.05.00\HTMLReports
2019-09-12 12:05:06,616 INFO o.a.j.r.d.HtmlTemplateExporter: Report will be generated in: C:\Jmeter\projects\wrethink\reports\2019-09-12_12.05.00\HTMLReports, creating folder structure
2019-09-12 12:05:07,296 INFO o.a.j.JMeter: Dashboard generated
